0 info it worked if it ends with ok
1 verbose cli [ 'C:\\Program Files\\nodejs\\node.exe',
1 verbose cli   'C:\\Program Files\\nodejs\\node_modules\\npm\\bin\\npm-cli.js',
1 verbose cli   'publish' ]
2 info using npm@3.10.10
3 info using node@v6.10.0
4 verbose publish [ '.' ]
5 silly cache add args [ '.', null ]
6 verbose cache add spec .
7 silly cache add parsed spec Result {
7 silly cache add   raw: '.',
7 silly cache add   scope: null,
7 silly cache add   escapedName: null,
7 silly cache add   name: null,
7 silly cache add   rawSpec: '.',
7 silly cache add   spec: 'C:\\Users\\wanglizhe\\Documents\\HBuilderProject\\scroll',
7 silly cache add   type: 'directory' }
8 verbose addLocalDirectory C:\Users\wanglizhe\AppData\Roaming\npm-cache\scroll\1.0.1\package.tgz not in flight; packing
9 verbose correctMkdir C:\Users\wanglizhe\AppData\Roaming\npm-cache correctMkdir not in flight; initializing
10 info lifecycle scroll@1.0.1~prepublish: scroll@1.0.1
11 silly lifecycle scroll@1.0.1~prepublish: no script for prepublish, continuing
12 verbose tar pack [ 'C:\\Users\\wanglizhe\\AppData\\Roaming\\npm-cache\\scroll\\1.0.1\\package.tgz',
12 verbose tar pack   'C:\\Users\\wanglizhe\\Documents\\HBuilderProject\\scroll' ]
13 verbose tarball C:\Users\wanglizhe\AppData\Roaming\npm-cache\scroll\1.0.1\package.tgz
14 verbose folder C:\Users\wanglizhe\Documents\HBuilderProject\scroll
15 verbose addLocalTarball adding from inside cache C:\Users\wanglizhe\AppData\Roaming\npm-cache\scroll\1.0.1\package.tgz
16 verbose correctMkdir C:\Users\wanglizhe\AppData\Roaming\npm-cache correctMkdir not in flight; initializing
17 silly cache afterAdd scroll@1.0.1
18 verbose afterAdd C:\Users\wanglizhe\AppData\Roaming\npm-cache\scroll\1.0.1\package\package.json not in flight; writing
19 verbose correctMkdir C:\Users\wanglizhe\AppData\Roaming\npm-cache correctMkdir not in flight; initializing
20 verbose afterAdd C:\Users\wanglizhe\AppData\Roaming\npm-cache\scroll\1.0.1\package\package.json written
21 silly publish { name: 'scroll',
21 silly publish   version: '1.0.1',
21 silly publish   description: '滚动条插件',
21 silly publish   main: 'index.js',
21 silly publish   scripts: { test: 'echo "Error: no test specified" && exit 1' },
21 silly publish   author: { name: 'wanglizhe' },
21 silly publish   license: 'MIT',
21 silly publish   readme: 'ERROR: No README data found!',
21 silly publish   _id: 'scroll@1.0.1',
21 silly publish   _shasum: '9d50026cb67ec228b352dbf850a7ab18481a8a21',
21 silly publish   _from: '.' }
22 verbose getPublishConfig undefined
23 silly mapToRegistry name scroll
24 silly mapToRegistry using default registry
25 silly mapToRegistry registry https://registry.npm.taobao.org/
26 silly mapToRegistry data Result {
26 silly mapToRegistry   raw: 'scroll',
26 silly mapToRegistry   scope: null,
26 silly mapToRegistry   escapedName: 'scroll',
26 silly mapToRegistry   name: 'scroll',
26 silly mapToRegistry   rawSpec: '',
26 silly mapToRegistry   spec: 'latest',
26 silly mapToRegistry   type: 'tag' }
27 silly mapToRegistry uri https://registry.npm.taobao.org/scroll
28 verbose publish registryBase https://registry.npm.taobao.org/
29 silly publish uploading C:\Users\wanglizhe\AppData\Roaming\npm-cache\scroll\1.0.1\package.tgz
30 verbose request uri https://registry.npm.taobao.org/scroll
31 verbose request sending authorization for write operation
32 info attempt registry request try #1 at 17:22:36
33 verbose request id 5c11f01e3cf81064
34 http request PUT https://registry.npm.taobao.org/scroll
35 http 403 https://registry.npm.taobao.org/scroll
36 verbose headers { date: 'Fri, 20 Oct 2017 09:21:59 GMT',
36 verbose headers   'content-type': 'application/json; charset=utf-8',
36 verbose headers   'content-length': '87',
36 verbose headers   connection: 'keep-alive',
36 verbose headers   'x-current-requests': '1',
36 verbose headers   'x-readtime': '14' }
37 verbose request invalidating C:\Users\wanglizhe\AppData\Roaming\npm-cache\registry.npm.taobao.org\scroll on PUT
38 error publish Failed PUT 403
39 verbose stack Error: no_perms Private mode enable, only admin can publish this module: scroll
39 verbose stack     at makeError (C:\Program Files\nodejs\node_modules\npm\node_modules\npm-registry-client\lib\request.js:302:12)
39 verbose stack     at CachingRegistryClient.<anonymous> (C:\Program Files\nodejs\node_modules\npm\node_modules\npm-registry-client\lib\request.js:290:14)
39 verbose stack     at Request._callback (C:\Program Files\nodejs\node_modules\npm\node_modules\npm-registry-client\lib\request.js:210:14)
39 verbose stack     at Request.self.callback (C:\Program Files\nodejs\node_modules\npm\node_modules\request\request.js:187:22)
39 verbose stack     at emitTwo (events.js:106:13)
39 verbose stack     at Request.emit (events.js:191:7)
39 verbose stack     at Request.<anonymous> (C:\Program Files\nodejs\node_modules\npm\node_modules\request\request.js:1048:10)
39 verbose stack     at emitOne (events.js:96:13)
39 verbose stack     at Request.emit (events.js:188:7)
39 verbose stack     at IncomingMessage.<anonymous> (C:\Program Files\nodejs\node_modules\npm\node_modules\request\request.js:969:12)
40 verbose statusCode 403
41 verbose pkgid scroll
42 verbose cwd C:\Users\wanglizhe\Documents\HBuilderProject\scroll
43 error Windows_NT 6.1.7601
44 error argv "C:\\Program Files\\nodejs\\node.exe" "C:\\Program Files\\nodejs\\node_modules\\npm\\bin\\npm-cli.js" "publish"
45 error node v6.10.0
46 error npm  v3.10.10
47 error code E403
48 error no_perms Private mode enable, only admin can publish this module: scroll
49 error If you need help, you may report this error at:
49 error     <https://github.com/npm/npm/issues>
50 verbose exit [ 1, true ]
